-------------------------------------------------------------------------------
Test set: pooa.trabalho.clinicaVeterinaria.ClinicaVeterinariaApplicationTests
-------------------------------------------------------------------------------
Tests run: 1, Failures: 0, Errors: 1, Skipped: 0, Time elapsed: 4.975 s <<< FAILURE! - in pooa.trabalho.clinicaVeterinaria.ClinicaVeterinariaApplicationTests
contextLoads  Time elapsed: 0.013 s  <<< ERROR!
java.lang.IllegalStateException: Failed to load ApplicationContext
Caused by: org.springframework.beans.factory.UnsatisfiedDependencyException: Error creating bean with name 'consultaController': Unsatisfied dependency expressed through field 'consultasTable'; nested exception is org.springframework.beans.factory.BeanCreationException: Error creating bean with name 'consultaRepository': Invocation of init method failed; nested exception is java.lang.IllegalArgumentException: Not a managed type: class pooa.trabalho.clinicaVeterinaria.model.Consulta
Caused by: org.springframework.beans.factory.BeanCreationException: Error creating bean with name 'consultaRepository': Invocation of init method failed; nested exception is java.lang.IllegalArgumentException: Not a managed type: class pooa.trabalho.clinicaVeterinaria.model.Consulta
Caused by: java.lang.IllegalArgumentException: Not a managed type: class pooa.trabalho.clinicaVeterinaria.model.Consulta

